<?xml version="1.0" encoding="UTF-8"?>
<!-- Generated by org.testng.reporters.JUnitXMLReporter -->
<testsuite ignored="6" hostname="TYSS-Deepak" failures="0" tests="6" name="Test" time="101.855" errors="0" timestamp="2022-05-05T17:03:12 IST">
  <testcase classname="com.crm.comcast.organizationTest.CreateOrgTest" name="createOrgTest" time="8.555"/>
  <testcase classname="com.crm.comcast.campaignTest.CreateCampaignTest" name="createCampaginTest" time="7.192"/>
  <testcase classname="com.crm.comcast.campaignTest.CreateCampaignTest" name="creatreCampaginWithProductTest" time="13.101"/>
  <testcase classname="com.crm.comcast.conatcttest.CreateConatact" name="CreateContactWithOutMandateTest" time="5.473"/>
  <testcase classname="com.crm.comcast.conatcttest.CreateConatact" name="createrConatctTest" time="7.932"/>
  <testcase classname="com.crm.comcast.conatcttest.DeleteConatctTest" name="deleteConatctTest" time="11.715"/>
  <testcase classname="com.crm.comcast.genericutility.BaseAnnoationClass" name="@BeforeSuite configBS" time="0.0">
    <ignored/>
  </testcase> <!-- @BeforeSuite configBS -->
  <testcase classname="com.crm.comcast.genericutility.BaseAnnoationClass" name="@BeforeSuite configBS" time="0.0">
    <ignored/>
  </testcase> <!-- @BeforeSuite configBS -->
  <testcase classname="com.crm.comcast.genericutility.BaseAnnoationClass" name="@BeforeSuite configBS" time="0.0">
    <ignored/>
  </testcase> <!-- @BeforeSuite configBS -->
  <testcase classname="com.crm.comcast.genericutility.BaseAnnoationClass" name="@AfterSuite configAS" time="0.0">
    <ignored/>
  </testcase> <!-- @AfterSuite configAS -->
  <testcase classname="com.crm.comcast.genericutility.BaseAnnoationClass" name="@AfterSuite configAS" time="0.0">
    <ignored/>
  </testcase> <!-- @AfterSuite configAS -->
  <testcase classname="com.crm.comcast.genericutility.BaseAnnoationClass" name="@AfterSuite configAS" time="0.0">
    <ignored/>
  </testcase> <!-- @AfterSuite configAS -->
</testsuite> <!-- Test -->
