<?xml version="1.0" encoding="UTF-8"?>
<!-- Generated by org.testng.reporters.JUnitXMLReporter -->
<testsuite ignored="10" hostname="TYSS-Deepak" failures="0" tests="2" name="Test" time="38.029" errors="0" timestamp="2022-05-05T12:50:40 IST">
  <testcase classname="com.crm.comcast.campaignTest.CreateCampaignTest" name="creatreCampaginWithProductTest" time="13.214"/>
  <testcase classname="com.crm.comcast.conatcttest.CreateConatact" name="CreateContactWithOutMandateTest" time="4.933"/>
  <testcase classname="com.crm.comcast.genericutility.BaseAnnoationClass" name="@BeforeSuite configBS" time="0.0">
    <ignored/>
  </testcase> <!-- @BeforeSuite configBS -->
  <testcase classname="com.crm.comcast.genericutility.BaseAnnoationClass" name="@BeforeSuite configBS" time="0.0">
    <ignored/>
  </testcase> <!-- @BeforeSuite configBS -->
  <testcase classname="com.crm.comcast.genericutility.BaseAnnoationClass" name="@BeforeSuite configBS" time="0.0">
    <ignored/>
  </testcase> <!-- @BeforeSuite configBS -->
  <testcase classname="com.crm.comcast.conatcttest.DeleteConatctTest" name="deleteConatctTest" time="0.0">
    <ignored/>
  </testcase> <!-- deleteConatctTest -->
  <testcase classname="com.crm.comcast.genericutility.BaseAnnoationClass" name="@AfterSuite configAS" time="0.0">
    <ignored/>
  </testcase> <!-- @AfterSuite configAS -->
  <testcase classname="com.crm.comcast.genericutility.BaseAnnoationClass" name="@AfterSuite configAS" time="0.0">
    <ignored/>
  </testcase> <!-- @AfterSuite configAS -->
  <testcase classname="com.crm.comcast.genericutility.BaseAnnoationClass" name="@AfterSuite configAS" time="0.0">
    <ignored/>
  </testcase> <!-- @AfterSuite configAS -->
  <testcase classname="com.crm.comcast.organizationTest.CreateOrgTest" name="createOrgTest" time="0.0">
    <ignored/>
  </testcase> <!-- createOrgTest -->
  <testcase classname="com.crm.comcast.conatcttest.CreateConatact" name="createrConatctTest" time="0.0">
    <ignored/>
  </testcase> <!-- createrConatctTest -->
  <testcase classname="com.crm.comcast.campaignTest.CreateCampaignTest" name="createCampaginTest" time="0.0">
    <ignored/>
  </testcase> <!-- createCampaginTest -->
</testsuite> <!-- Test -->
